Using pre-set license
Built from '2022.3/staging' branch; Version is '2022.3.11f1 (d00248457e15) revision 13632072'; Using compiler version '192829333'; Build Type 'Release'
OS: 'Windows 10  (10.0.19045) 64bit Education' Language: 'ru' Physical Memory: 12167 MB
BatchMode: 1, IsHumanControllingUs: 0, StartBugReporterOnCrash: 0, Is64bit: 1, IsPro: 1

COMMAND LINE ARGUMENTS:
C:\Program Files\Unity\Hub\Editor\2022.3.11f1\Editor\Unity.exe
-adb2
-batchMode
-noUpm
-name
AssetImportWorker0
-projectPath
C:/Users/Misha/Documents/GitHub/CyberneticWanderers/shesterka_group/CyberneticWanderers
-logFile
Logs/AssetImportWorker0.log
-srvPort
63335
Successfully changed project path to: C:/Users/Misha/Documents/GitHub/CyberneticWanderers/shesterka_group/CyberneticWanderers
C:/Users/Misha/Documents/GitHub/CyberneticWanderers/shesterka_group/CyberneticWanderers
[UnityMemory] Configuration Parameters - Can be set up in boot.config
    "memorysetup-bucket-allocator-granularity=16"
    "memorysetup-bucket-allocator-bucket-count=8"
    "memorysetup-bucket-allocator-block-size=33554432"
    "memorysetup-bucket-allocator-block-count=8"
    "memorysetup-main-allocator-block-size=16777216"
    "memorysetup-thread-allocator-block-size=16777216"
    "memorysetup-gfx-main-allocator-block-size=16777216"
    "memorysetup-gfx-thread-allocator-block-size=16777216"
    "memorysetup-cache-allocator-block-size=4194304"
    "memorysetup-typetree-allocator-block-size=2097152"
    "memorysetup-profiler-bucket-allocator-granularity=16"
    "memorysetup-profiler-bucket-allocator-bucket-count=8"
    "memorysetup-profiler-bucket-allocator-block-size=33554432"
    "memorysetup-profiler-bucket-allocator-block-count=8"
    "memorysetup-profiler-allocator-block-size=16777216"
    "memorysetup-profiler-editor-allocator-block-size=1048576"
    "memorysetup-temp-allocator-size-main=16777216"
    "memorysetup-job-temp-allocator-block-size=2097152"
    "memorysetup-job-temp-allocator-block-size-background=1048576"
    "memorysetup-job-temp-allocator-reduction-small-platforms=262144"
    "memorysetup-allocator-temp-initial-block-size-main=262144"
    "memorysetup-allocator-temp-initial-block-size-worker=262144"
    "memorysetup-temp-allocator-size-background-worker=32768"
    "memorysetup-temp-allocator-size-job-worker=262144"
    "memorysetup-temp-allocator-size-preload-manager=33554432"
    "memorysetup-temp-allocator-size-nav-mesh-worker=65536"
    "memorysetup-temp-allocator-size-audio-worker=65536"
    "memorysetup-temp-allocator-size-cloud-worker=32768"
    "memorysetup-temp-allocator-size-gi-baking-worker=262144"
    "memorysetup-temp-allocator-size-gfx=262144"
Player connection [16568] Host "[IP] 172.20.10.4 [Port] 0 [Flags] 2 [Guid] 446212874 [EditorId] 446212874 [Version] 1048832 [Id] WindowsEditor(7,DESKTOP-5K9GQ54) [Debug] 1 [PackageName] WindowsEditor [ProjectName] Editor" joined multi-casting on [225.0.0.222:54997]...

Player connection [16568] Host "[IP] 172.20.10.4 [Port] 0 [Flags] 2 [Guid] 446212874 [EditorId] 446212874 [Version] 1048832 [Id] WindowsEditor(7,DESKTOP-5K9GQ54) [Debug] 1 [PackageName] WindowsEditor [ProjectName] Editor" joined alternative multi-casting on [225.0.0.222:34997]...

[Physics::Module] Initialized MultithreadedJobDispatcher with 3 workers.
Refreshing native plugins compatible for Editor in 64.41 ms, found 4 plugins.
Preloading 0 native plugins for Editor in 0.00 ms.
Initialize engine version: 2022.3.11f1 (d00248457e15)
[Subsystems] Discovering subsystems at path C:/Program Files/Unity/Hub/Editor/2022.3.11f1/Editor/Data/Resources/UnitySubsystems
[Subsystems] Discovering subsystems at path C:/Users/Misha/Documents/GitHub/CyberneticWanderers/shesterka_group/CyberneticWanderers/Assets
GfxDevice: creating device client; threaded=0; jobified=0
Direct3D:
    Version:  Direct3D 11.0 [level 11.1]
    Renderer: NVIDIA GeForce GTX 1050 Ti (ID=0x1c82)
    Vendor:   NVIDIA
    VRAM:     4017 MB
    Driver:   31.0.15.3742
Initialize mono
Mono path[0] = 'C:/Program Files/Unity/Hub/Editor/2022.3.11f1/Editor/Data/Managed'
Mono path[1] = 'C:/Program Files/Unity/Hub/Editor/2022.3.11f1/Editor/Data/MonoBleedingEdge/lib/mono/unityjit-win32'
Mono config path = 'C:/Program Files/Unity/Hub/Editor/2022.3.11f1/Editor/Data/MonoBleedingEdge/etc'
Using monoOptions --debugger-agent=transport=dt_socket,embedding=1,server=y,suspend=n,address=127.0.0.1:56044
Begin MonoManager ReloadAssembly
Registering precompiled unity dll's ...
Register platform support module: C:/Program Files/Unity/Hub/Editor/2022.3.11f1/Editor/Data/PlaybackEngines/WebGLSupport/UnityEditor.WebGL.Extensions.dll
Register platform support module: C:/Program Files/Unity/Hub/Editor/2022.3.11f1/Editor/Data/PlaybackEngines/WindowsStandaloneSupport/UnityEditor.WindowsStandalone.Extensions.dll
Registered in 0.059366 seconds.
- Loaded All Assemblies, in  1.152 seconds
Native extension for WindowsStandalone target not found
Native extension for WebGL target not found
Mono: successfully reloaded assembly
- Finished resetting the current domain, in  0.718 seconds
Domain Reload Profiling: 1856ms
	BeginReloadAssembly (326ms)
		ExecutionOrderSort (0ms)
		DisableScriptedObjects (0ms)
		BackupInstance (0ms)
		ReleaseScriptingObjects (0ms)
		CreateAndSetChildDomain (4ms)
	RebuildCommonClasses (81ms)
	RebuildNativeTypeToScriptingClass (26ms)
	initialDomainReloadingComplete (244ms)
	LoadAllAssembliesAndSetupDomain (460ms)
		LoadAssemblies (319ms)
		RebuildTransferFunctionScriptingTraits (0ms)
		AnalyzeDomain (455ms)
			TypeCache.Refresh (452ms)
				TypeCache.ScanAssembly (412ms)
			ScanForSourceGeneratedMonoScriptInfo (1ms)
			ResolveRequiredComponents (1ms)
	FinalizeReload (719ms)
		ReleaseScriptCaches (0ms)
		RebuildScriptCaches (0ms)
		SetupLoadedEditorAssemblies (572ms)
			LogAssemblyErrors (0ms)
			InitializePlatformSupportModulesInManaged (32ms)
			SetLoadedEditorAssemblies (11ms)
			RefreshPlugins (0ms)
			BeforeProcessingInitializeOnLoad (4ms)
			ProcessInitializeOnLoadAttributes (388ms)
			ProcessInitializeOnLoadMethodAttributes (137ms)
			AfterProcessingInitializeOnLoad (0ms)
			EditorAssembliesLoaded (0ms)
		ExecutionOrderSort2 (0ms)
		AwakeInstancesAfterBackupRestoration (0ms)
========================================================================
Worker process is ready to serve import requests
Begin MonoManager ReloadAssembly
- Loaded All Assemblies, in  2.145 seconds
Refreshing native plugins compatible for Editor in 16.03 ms, found 4 plugins.
Native extension for WindowsStandalone target not found
Native extension for WebGL target not found
Package Manager log level set to [2]
[Package Manager] Server::EnsureServerProcessIsRunning -- launch failed, reason: Unity was launched with the -noUpm command-line argument
[Package Manager] UpmClient::Send -- Unable to send message (not connected to UPM process).
[Package Manager] Cannot connect to Unity Package Manager local server
Mono: successfully reloaded assembly
- Finished resetting the current domain, in  1.667 seconds
Domain Reload Profiling: 3802ms
	BeginReloadAssembly (681ms)
		ExecutionOrderSort (0ms)
		DisableScriptedObjects (18ms)
		BackupInstance (0ms)
		ReleaseScriptingObjects (0ms)
		CreateAndSetChildDomain (52ms)
	RebuildCommonClasses (91ms)
	RebuildNativeTypeToScriptingClass (37ms)
	initialDomainReloadingComplete (124ms)
	LoadAllAssembliesAndSetupDomain (1201ms)
		LoadAssemblies (975ms)
		RebuildTransferFunctionScriptingTraits (0ms)
		AnalyzeDomain (503ms)
			TypeCache.Refresh (434ms)
				TypeCache.ScanAssembly (392ms)
			ScanForSourceGeneratedMonoScriptInfo (58ms)
			ResolveRequiredComponents (9ms)
	FinalizeReload (1667ms)
		ReleaseScriptCaches (0ms)
		RebuildScriptCaches (0ms)
		SetupLoadedEditorAssemblies (1181ms)
			LogAssemblyErrors (0ms)
			InitializePlatformSupportModulesInManaged (20ms)
			SetLoadedEditorAssemblies (13ms)
			RefreshPlugins (0ms)
			BeforeProcessingInitializeOnLoad (206ms)
			ProcessInitializeOnLoadAttributes (814ms)
			ProcessInitializeOnLoadMethodAttributes (102ms)
			AfterProcessingInitializeOnLoad (26ms)
			EditorAssembliesLoaded (0ms)
		ExecutionOrderSort2 (0ms)
		AwakeInstancesAfterBackupRestoration (23ms)
Launched and connected shader compiler UnityShaderCompiler.exe after 0.12 seconds
Refreshing native plugins compatible for Editor in 10.07 ms, found 4 plugins.
Preloading 0 native plugins for Editor in 0.00 ms.
Unloading 4028 Unused Serialized files (Serialized files now loaded: 0)
Unloading 70 unused Assets / (245.4 KB). Loaded Objects now: 4484.
Memory consumption went from 143.1 MB to 142.9 MB.
Total: 5.116400 ms (FindLiveObjects: 0.429200 ms CreateObjectMapping: 0.499400 ms MarkObjects: 3.821800 ms  DeleteObjects: 0.364300 ms)

AssetImportParameters requested are different than current active one (requested -> active):
  custom:container-demuxer-ogg: 62fdf1f143b41e24485cea50d1cbac27 -> 
  custom:video-decoder-ogg-theora: a1e56fd34408186e4bbccfd4996cb3dc -> 
  custom:framework-win-MediaFoundation: 216162199b28c13a410421893ffa2e32 -> 
  custom:container-demuxer-webm: 4f35f7cbe854078d1ac9338744f61a02 -> 
  custom:container-muxer-webm: aa71ff27fc2769a1b78a27578f13a17b -> 
  custom:video-decoder-webm-vp8: 9c59270c3fd7afecdb556c50c9e8de78 -> 
  custom:AudioImporter_EditorPlatform: d09bf68614088b80899f8185d706f6e7 -> 
  custom:video-encoder-webm-vp8: eb34c28f22e8b96e1ab97ce403110664 -> 
  custom:audio-decoder-ogg-vorbis: bf7c407c2cedff20999df2af8eb42d56 -> 
  custom:audio-encoder-webm-vorbis: bf7c407c2cedff20999df2af8eb42d56 -> 
========================================================================
Received Import Request.
  Time since last request: 1152521.936140 seconds.
  path: Assets/New Material.mat
  artifactKey: Guid(bf03f2723b1bb854cad63fe5f0a28f33) Importer(815301076,1909f56bfc062723c751e8b465ee728b)
Start importing Assets/New Material.mat using Guid(bf03f2723b1bb854cad63fe5f0a28f33) Importer(815301076,1909f56bfc062723c751e8b465ee728b)  -> (artifact id: '44b70a3a6420133c2b6c29c800c83758') in 0.971773 seconds
Number of updated asset objects reloaded before import = 0
Number of asset objects unloaded after import = 1
========================================================================
Received Import Request.
  Time since last request: 0.000034 seconds.
  path: Assets/New Material 1.mat
  artifactKey: Guid(cc13bd68584cb6c43965f770c1e8dbfe) Importer(815301076,1909f56bfc062723c751e8b465ee728b)
Start importing Assets/New Material 1.mat using Guid(cc13bd68584cb6c43965f770c1e8dbfe) Importer(815301076,1909f56bfc062723c751e8b465ee728b)  -> (artifact id: 'e192eff7db92f32f487667012d1a1a63') in 0.629988 seconds
Number of updated asset objects reloaded before import = 0
Number of asset objects unloaded after import = 1
========================================================================
Received Prepare
Refreshing native plugins compatible for Editor in 9.60 ms, found 4 plugins.
Preloading 0 native plugins for Editor in 0.00 ms.
Unloading 6 Unused Serialized files (Serialized files now loaded: 0)
Unloading 7 unused Assets / (196.2 KB). Loaded Objects now: 4526.
Memory consumption went from 84.6 MB to 84.4 MB.
Total: 6.399000 ms (FindLiveObjects: 0.438000 ms CreateObjectMapping: 0.437900 ms MarkObjects: 5.301200 ms  DeleteObjects: 0.220500 ms)

Prepare: number of updated asset objects reloaded= 0
AssetImportParameters requested are different than current active one (requested -> active):
  custom:container-demuxer-ogg: 62fdf1f143b41e24485cea50d1cbac27 -> 
  custom:video-decoder-ogg-theora: a1e56fd34408186e4bbccfd4996cb3dc -> 
  custom:framework-win-MediaFoundation: 216162199b28c13a410421893ffa2e32 -> 
  custom:CustomObjectIndexerAttribute: 756ad292c208cfabdd7b50bc23989ffe -> 
  custom:container-demuxer-webm: 4f35f7cbe854078d1ac9338744f61a02 -> 
  custom:container-muxer-webm: aa71ff27fc2769a1b78a27578f13a17b -> 
  custom:video-decoder-webm-vp8: 9c59270c3fd7afecdb556c50c9e8de78 -> 
  custom:SearchIndexIgnoredProperties: e643bd26f0fe6173181afceb89e7c659 -> 
  custom:AudioImporter_EditorPlatform: d09bf68614088b80899f8185d706f6e7 -> 
  custom:video-encoder-webm-vp8: eb34c28f22e8b96e1ab97ce403110664 -> 
  custom:audio-decoder-ogg-vorbis: bf7c407c2cedff20999df2af8eb42d56 -> 
  custom:audio-encoder-webm-vorbis: bf7c407c2cedff20999df2af8eb42d56 -> 
========================================================================
Received Import Request.
  Time since last request: 142.659959 seconds.
  path: Assets/_Palettes/Full.png
  artifactKey: Guid(66237759228346540bb4a8b96d259c6e) Importer(815301076,1909f56bfc062723c751e8b465ee728b)
Start importing Assets/_Palettes/Full.png using Guid(66237759228346540bb4a8b96d259c6e) Importer(815301076,1909f56bfc062723c751e8b465ee728b)  -> (artifact id: '7fbef4f84a7e4413cc05e550b763cda1') in 0.174841 seconds
Number of updated asset objects reloaded before import = 0
Number of asset objects unloaded after import = 3
========================================================================
Received Import Request.
  Time since last request: 132.792203 seconds.
  path: Assets/_Palettes/Full.png
  artifactKey: Guid(66237759228346540bb4a8b96d259c6e) Importer(815301076,1909f56bfc062723c751e8b465ee728b)
Start importing Assets/_Palettes/Full.png using Guid(66237759228346540bb4a8b96d259c6e) Importer(815301076,1909f56bfc062723c751e8b465ee728b)  -> (artifact id: '521625d134642349e53ff3ca3b48d4ee') in 0.043274 seconds
Number of updated asset objects reloaded before import = 0
Number of asset objects unloaded after import = 2
========================================================================
Received Import Request.
  Time since last request: 71.717452 seconds.
  path: Assets/_Palettes/Full.png
  artifactKey: Guid(66237759228346540bb4a8b96d259c6e) Importer(815301076,1909f56bfc062723c751e8b465ee728b)
Start importing Assets/_Palettes/Full.png using Guid(66237759228346540bb4a8b96d259c6e) Importer(815301076,1909f56bfc062723c751e8b465ee728b)  -> (artifact id: '14be96c1de708033889e428040e9e648') in 0.104723 seconds
Number of updated asset objects reloaded before import = 0
Number of asset objects unloaded after import = 12
========================================================================
Received Import Request.
  Time since last request: 19.605336 seconds.
  path: Assets/_Palettes/BackGround Palette.prefab
  artifactKey: Guid(b48f240052eed494e8ef47b22d52b2be) Importer(815301076,1909f56bfc062723c751e8b465ee728b)
Start importing Assets/_Palettes/BackGround Palette.prefab using Guid(b48f240052eed494e8ef47b22d52b2be) Importer(815301076,1909f56bfc062723c751e8b465ee728b)  -> (artifact id: 'f0a43698354ca7e6e7274c4bda950773') in 0.134746 seconds
Number of updated asset objects reloaded before import = 0
Number of asset objects unloaded after import = 10
========================================================================
Received Import Request.
  Time since last request: 5.001444 seconds.
  path: Assets/_Palettes/BackGround Palette.prefab
  artifactKey: Guid(b48f240052eed494e8ef47b22d52b2be) Importer(815301076,1909f56bfc062723c751e8b465ee728b)
Start importing Assets/_Palettes/BackGround Palette.prefab using Guid(b48f240052eed494e8ef47b22d52b2be) Importer(815301076,1909f56bfc062723c751e8b465ee728b)  -> (artifact id: '3ba1aaa4378bda1ef30ccc70eea6d6ff') in 0.097104 seconds
Number of updated asset objects reloaded before import = 0
Number of asset objects unloaded after import = 31
========================================================================
Received Import Request.
  Time since last request: 0.000022 seconds.
  path: Assets/_Palettes/Full_1.asset
  artifactKey: Guid(530d8b2a3c02a6644b3b28f1eb4d3a35) Importer(815301076,1909f56bfc062723c751e8b465ee728b)
Start importing Assets/_Palettes/Full_1.asset using Guid(530d8b2a3c02a6644b3b28f1eb4d3a35) Importer(815301076,1909f56bfc062723c751e8b465ee728b)  -> (artifact id: 'a285f3d8a57d83446eb638500b44bd2d') in 0.018176 seconds
Number of updated asset objects reloaded before import = 0
Number of asset objects unloaded after import = 3
========================================================================
Received Import Request.
  Time since last request: 0.000027 seconds.
  path: Assets/_Palettes/Full_4.asset
  artifactKey: Guid(f184ee58390cc174fae0b77662efd20a) Importer(815301076,1909f56bfc062723c751e8b465ee728b)
Start importing Assets/_Palettes/Full_4.asset using Guid(f184ee58390cc174fae0b77662efd20a) Importer(815301076,1909f56bfc062723c751e8b465ee728b)  -> (artifact id: '159258d353c2cb95f55e708ae7ad9150') in 0.066970 seconds
Number of updated asset objects reloaded before import = 0
Number of asset objects unloaded after import = 3
========================================================================
Received Import Request.
  Time since last request: 0.000021 seconds.
  path: Assets/_Palettes/Full_5.asset
  artifactKey: Guid(7975e741330d43a47af5841943df3b40) Importer(815301076,1909f56bfc062723c751e8b465ee728b)
Start importing Assets/_Palettes/Full_5.asset using Guid(7975e741330d43a47af5841943df3b40) Importer(815301076,1909f56bfc062723c751e8b465ee728b)  -> (artifact id: '8bdd2fcce3b0e85a69ea42ffa38fa829') in 0.046672 seconds
Number of updated asset objects reloaded before import = 0
Number of asset objects unloaded after import = 3
========================================================================
Received Import Request.
  Time since last request: 0.000022 seconds.
  path: Assets/_Palettes/Full_7.asset
  artifactKey: Guid(bf5cf90d16afe3e478a227eb05ac1f15) Importer(815301076,1909f56bfc062723c751e8b465ee728b)
Start importing Assets/_Palettes/Full_7.asset using Guid(bf5cf90d16afe3e478a227eb05ac1f15) Importer(815301076,1909f56bfc062723c751e8b465ee728b)  -> (artifact id: 'e57902b6607aca76faf21f080630bcb8') in 0.034286 seconds
Number of updated asset objects reloaded before import = 0
Number of asset objects unloaded after import = 3
========================================================================
Received Import Request.
  Time since last request: 0.000023 seconds.
  path: Assets/_Palettes/Full_3.asset
  artifactKey: Guid(e7a0cada58b13af4d81bf07e0de2f0d3) Importer(815301076,1909f56bfc062723c751e8b465ee728b)
Start importing Assets/_Palettes/Full_3.asset using Guid(e7a0cada58b13af4d81bf07e0de2f0d3) Importer(815301076,1909f56bfc062723c751e8b465ee728b)  -> (artifact id: '14318eb24907fc85c47d53d7c70426fc') in 0.053313 seconds
Number of updated asset objects reloaded before import = 0
Number of asset objects unloaded after import = 3
========================================================================
Received Import Request.
  Time since last request: 0.000110 seconds.
  path: Assets/_Palettes/Full_0.asset
  artifactKey: Guid(2365deac3a3a4284b9f3909b41764e40) Importer(815301076,1909f56bfc062723c751e8b465ee728b)
Start importing Assets/_Palettes/Full_0.asset using Guid(2365deac3a3a4284b9f3909b41764e40) Importer(815301076,1909f56bfc062723c751e8b465ee728b)  -> (artifact id: '700569787028feaf4ebc4af3402a482c') in 0.031192 seconds
Number of updated asset objects reloaded before import = 0
Number of asset objects unloaded after import = 3
========================================================================
Received Import Request.
  Time since last request: 0.000024 seconds.
  path: Assets/_Palettes/Full_2.asset
  artifactKey: Guid(336ab3118580ed4408eb2377348d51bf) Importer(815301076,1909f56bfc062723c751e8b465ee728b)
Start importing Assets/_Palettes/Full_2.asset using Guid(336ab3118580ed4408eb2377348d51bf) Importer(815301076,1909f56bfc062723c751e8b465ee728b)  -> (artifact id: 'a371567468f5c370e76aca6ec62c8b06') in 0.063729 seconds
Number of updated asset objects reloaded before import = 0
Number of asset objects unloaded after import = 3
========================================================================
Received Import Request.
  Time since last request: 0.001637 seconds.
  path: Assets/_Palettes/Full_9.asset
  artifactKey: Guid(f035cf522c0090141809a9e529aacc09) Importer(815301076,1909f56bfc062723c751e8b465ee728b)
Start importing Assets/_Palettes/Full_9.asset using Guid(f035cf522c0090141809a9e529aacc09) Importer(815301076,1909f56bfc062723c751e8b465ee728b)  -> (artifact id: '8dacc715dde0a71fc94131f32f858737') in 0.034400 seconds
Number of updated asset objects reloaded before import = 0
Number of asset objects unloaded after import = 3
========================================================================
Received Import Request.
  Time since last request: 0.000021 seconds.
  path: Assets/_Palettes/Full_8.asset
  artifactKey: Guid(2a53a22236dab6a469e184b7f75255c7) Importer(815301076,1909f56bfc062723c751e8b465ee728b)
Start importing Assets/_Palettes/Full_8.asset using Guid(2a53a22236dab6a469e184b7f75255c7) Importer(815301076,1909f56bfc062723c751e8b465ee728b)  -> (artifact id: 'd2161588d038ffa619f434c17ad28560') in 0.030687 seconds
Number of updated asset objects reloaded before import = 0
Number of asset objects unloaded after import = 3
========================================================================
Received Import Request.
  Time since last request: 0.000019 seconds.
  path: Assets/_Palettes/Full_6.asset
  artifactKey: Guid(50f4cb719e2872840b18521244e420e2) Importer(815301076,1909f56bfc062723c751e8b465ee728b)
Start importing Assets/_Palettes/Full_6.asset using Guid(50f4cb719e2872840b18521244e420e2) Importer(815301076,1909f56bfc062723c751e8b465ee728b)  -> (artifact id: '99df72628947b354aeef96652252f143') in 0.030418 seconds
Number of updated asset objects reloaded before import = 0
Number of asset objects unloaded after import = 3
========================================================================
Received Import Request.
  Time since last request: 58.421975 seconds.
  path: Assets/_Palettes/BackGround Palette.prefab
  artifactKey: Guid(b48f240052eed494e8ef47b22d52b2be) Importer(815301076,1909f56bfc062723c751e8b465ee728b)
Start importing Assets/_Palettes/BackGround Palette.prefab using Guid(b48f240052eed494e8ef47b22d52b2be) Importer(815301076,1909f56bfc062723c751e8b465ee728b)  -> (artifact id: '6cdf9894339286904ce8ba335b0c1332') in 0.025076 seconds
Number of updated asset objects reloaded before import = 0
Number of asset objects unloaded after import = 31
