Using pre-set license
Built from '2022.3/staging' branch; Version is '2022.3.11f1 (d00248457e15) revision 13632072'; Using compiler version '192829333'; Build Type 'Release'
OS: 'Windows 10  (10.0.19045) 64bit Professional' Language: 'ru' Physical Memory: 16229 MB
BatchMode: 1, IsHumanControllingUs: 0, StartBugReporterOnCrash: 0, Is64bit: 1, IsPro: 1

COMMAND LINE ARGUMENTS:
C:\Program Files\Unity\Hub\Editor\2022.3.11f1\Editor\Unity.exe
-adb2
-batchMode
-noUpm
-name
AssetImportWorker0
-projectPath
D:/Cybernetic-Wanderers/CyberneticWanderers
-logFile
Logs/AssetImportWorker0.log
-srvPort
51743
Successfully changed project path to: D:/Cybernetic-Wanderers/CyberneticWanderers
D:/Cybernetic-Wanderers/CyberneticWanderers
[UnityMemory] Configuration Parameters - Can be set up in boot.config
    "memorysetup-bucket-allocator-granularity=16"
    "memorysetup-bucket-allocator-bucket-count=8"
    "memorysetup-bucket-allocator-block-size=33554432"
    "memorysetup-bucket-allocator-block-count=8"
    "memorysetup-main-allocator-block-size=16777216"
    "memorysetup-thread-allocator-block-size=16777216"
    "memorysetup-gfx-main-allocator-block-size=16777216"
    "memorysetup-gfx-thread-allocator-block-size=16777216"
    "memorysetup-cache-allocator-block-size=4194304"
    "memorysetup-typetree-allocator-block-size=2097152"
    "memorysetup-profiler-bucket-allocator-granularity=16"
    "memorysetup-profiler-bucket-allocator-bucket-count=8"
    "memorysetup-profiler-bucket-allocator-block-size=33554432"
    "memorysetup-profiler-bucket-allocator-block-count=8"
    "memorysetup-profiler-allocator-block-size=16777216"
    "memorysetup-profiler-editor-allocator-block-size=1048576"
    "memorysetup-temp-allocator-size-main=16777216"
    "memorysetup-job-temp-allocator-block-size=2097152"
    "memorysetup-job-temp-allocator-block-size-background=1048576"
    "memorysetup-job-temp-allocator-reduction-small-platforms=262144"
    "memorysetup-allocator-temp-initial-block-size-main=262144"
    "memorysetup-allocator-temp-initial-block-size-worker=262144"
    "memorysetup-temp-allocator-size-background-worker=32768"
    "memorysetup-temp-allocator-size-job-worker=262144"
    "memorysetup-temp-allocator-size-preload-manager=33554432"
    "memorysetup-temp-allocator-size-nav-mesh-worker=65536"
    "memorysetup-temp-allocator-size-audio-worker=65536"
    "memorysetup-temp-allocator-size-cloud-worker=32768"
    "memorysetup-temp-allocator-size-gi-baking-worker=262144"
    "memorysetup-temp-allocator-size-gfx=262144"
Player connection [9200] Host "[IP] 192.168.0.2 [Port] 0 [Flags] 2 [Guid] 3553972389 [EditorId] 3553972389 [Version] 1048832 [Id] WindowsEditor(7,DESKTOP-HMTIBMD) [Debug] 1 [PackageName] WindowsEditor [ProjectName] Editor" joined multi-casting on [225.0.0.222:54997]...

Player connection [9200] Host "[IP] 192.168.0.2 [Port] 0 [Flags] 2 [Guid] 3553972389 [EditorId] 3553972389 [Version] 1048832 [Id] WindowsEditor(7,DESKTOP-HMTIBMD) [Debug] 1 [PackageName] WindowsEditor [ProjectName] Editor" joined alternative multi-casting on [225.0.0.222:34997]...

[Physics::Module] Initialized MultithreadedJobDispatcher with 11 workers.
Refreshing native plugins compatible for Editor in 4.99 ms, found 4 plugins.
Preloading 0 native plugins for Editor in 0.00 ms.
Initialize engine version: 2022.3.11f1 (d00248457e15)
[Subsystems] Discovering subsystems at path C:/Program Files/Unity/Hub/Editor/2022.3.11f1/Editor/Data/Resources/UnitySubsystems
[Subsystems] Discovering subsystems at path D:/Cybernetic-Wanderers/CyberneticWanderers/Assets
GfxDevice: creating device client; threaded=0; jobified=0
Direct3D:
    Version:  Direct3D 11.0 [level 11.1]
    Renderer: NVIDIA GeForce RTX 3060 Ti (ID=0x24c9)
    Vendor:   NVIDIA
    VRAM:     8038 MB
    Driver:   31.0.15.3742
Initialize mono
Mono path[0] = 'C:/Program Files/Unity/Hub/Editor/2022.3.11f1/Editor/Data/Managed'
Mono path[1] = 'C:/Program Files/Unity/Hub/Editor/2022.3.11f1/Editor/Data/MonoBleedingEdge/lib/mono/unityjit-win32'
Mono config path = 'C:/Program Files/Unity/Hub/Editor/2022.3.11f1/Editor/Data/MonoBleedingEdge/etc'
Using monoOptions --debugger-agent=transport=dt_socket,embedding=1,server=y,suspend=n,address=127.0.0.1:56500
Begin MonoManager ReloadAssembly
Registering precompiled unity dll's ...
Register platform support module: C:/Program Files/Unity/Hub/Editor/2022.3.11f1/Editor/Data/PlaybackEngines/WindowsStandaloneSupport/UnityEditor.WindowsStandalone.Extensions.dll
Registered in 0.004692 seconds.
- Loaded All Assemblies, in  0.250 seconds
Native extension for WindowsStandalone target not found
Mono: successfully reloaded assembly
- Finished resetting the current domain, in  0.192 seconds
Domain Reload Profiling: 442ms
	BeginReloadAssembly (80ms)
		ExecutionOrderSort (0ms)
		DisableScriptedObjects (0ms)
		BackupInstance (0ms)
		ReleaseScriptingObjects (0ms)
		CreateAndSetChildDomain (1ms)
	RebuildCommonClasses (25ms)
	RebuildNativeTypeToScriptingClass (7ms)
	initialDomainReloadingComplete (42ms)
	LoadAllAssembliesAndSetupDomain (96ms)
		LoadAssemblies (78ms)
		RebuildTransferFunctionScriptingTraits (0ms)
		AnalyzeDomain (94ms)
			TypeCache.Refresh (93ms)
				TypeCache.ScanAssembly (84ms)
			ScanForSourceGeneratedMonoScriptInfo (0ms)
			ResolveRequiredComponents (0ms)
	FinalizeReload (193ms)
		ReleaseScriptCaches (0ms)
		RebuildScriptCaches (0ms)
		SetupLoadedEditorAssemblies (149ms)
			LogAssemblyErrors (0ms)
			InitializePlatformSupportModulesInManaged (7ms)
			SetLoadedEditorAssemblies (6ms)
			RefreshPlugins (0ms)
			BeforeProcessingInitializeOnLoad (2ms)
			ProcessInitializeOnLoadAttributes (96ms)
			ProcessInitializeOnLoadMethodAttributes (37ms)
			AfterProcessingInitializeOnLoad (0ms)
			EditorAssembliesLoaded (0ms)
		ExecutionOrderSort2 (0ms)
		AwakeInstancesAfterBackupRestoration (0ms)
========================================================================
Worker process is ready to serve import requests
Begin MonoManager ReloadAssembly
- Loaded All Assemblies, in  0.453 seconds
Refreshing native plugins compatible for Editor in 1.81 ms, found 4 plugins.
Native extension for WindowsStandalone target not found
Package Manager log level set to [2]
[Package Manager] Server::EnsureServerProcessIsRunning -- launch failed, reason: Unity was launched with the -noUpm command-line argument
[Package Manager] UpmClient::Send -- Unable to send message (not connected to UPM process).
[Package Manager] Cannot connect to Unity Package Manager local server
Mono: successfully reloaded assembly
- Finished resetting the current domain, in  0.466 seconds
Domain Reload Profiling: 917ms
	BeginReloadAssembly (109ms)
		ExecutionOrderSort (0ms)
		DisableScriptedObjects (4ms)
		BackupInstance (0ms)
		ReleaseScriptingObjects (0ms)
		CreateAndSetChildDomain (15ms)
	RebuildCommonClasses (24ms)
	RebuildNativeTypeToScriptingClass (8ms)
	initialDomainReloadingComplete (31ms)
	LoadAllAssembliesAndSetupDomain (281ms)
		LoadAssemblies (216ms)
		RebuildTransferFunctionScriptingTraits (0ms)
		AnalyzeDomain (129ms)
			TypeCache.Refresh (109ms)
				TypeCache.ScanAssembly (97ms)
			ScanForSourceGeneratedMonoScriptInfo (16ms)
			ResolveRequiredComponents (3ms)
	FinalizeReload (466ms)
		ReleaseScriptCaches (0ms)
		RebuildScriptCaches (0ms)
		SetupLoadedEditorAssemblies (341ms)
			LogAssemblyErrors (0ms)
			InitializePlatformSupportModulesInManaged (5ms)
			SetLoadedEditorAssemblies (3ms)
			RefreshPlugins (0ms)
			BeforeProcessingInitializeOnLoad (52ms)
			ProcessInitializeOnLoadAttributes (249ms)
			ProcessInitializeOnLoadMethodAttributes (28ms)
			AfterProcessingInitializeOnLoad (4ms)
			EditorAssembliesLoaded (0ms)
		ExecutionOrderSort2 (0ms)
		AwakeInstancesAfterBackupRestoration (6ms)
Launched and connected shader compiler UnityShaderCompiler.exe after 0.03 seconds
Refreshing native plugins compatible for Editor in 1.63 ms, found 4 plugins.
Preloading 0 native plugins for Editor in 0.00 ms.
Unloading 4028 Unused Serialized files (Serialized files now loaded: 0)
Unloading 64 unused Assets / (61.0 KB). Loaded Objects now: 4489.
Memory consumption went from 143.1 MB to 143.0 MB.
Total: 2.329700 ms (FindLiveObjects: 0.169700 ms CreateObjectMapping: 0.083700 ms MarkObjects: 1.977100 ms  DeleteObjects: 0.098600 ms)

AssetImportParameters requested are different than current active one (requested -> active):
  custom:container-demuxer-ogg: 62fdf1f143b41e24485cea50d1cbac27 -> 
  custom:video-decoder-ogg-theora: a1e56fd34408186e4bbccfd4996cb3dc -> 
  custom:framework-win-MediaFoundation: 216162199b28c13a410421893ffa2e32 -> 
  custom:container-demuxer-webm: 4f35f7cbe854078d1ac9338744f61a02 -> 
  custom:container-muxer-webm: aa71ff27fc2769a1b78a27578f13a17b -> 
  custom:video-decoder-webm-vp8: 9c59270c3fd7afecdb556c50c9e8de78 -> 
  custom:AudioImporter_EditorPlatform: d09bf68614088b80899f8185d706f6e7 -> 
  custom:video-encoder-webm-vp8: eb34c28f22e8b96e1ab97ce403110664 -> 
  custom:audio-decoder-ogg-vorbis: bf7c407c2cedff20999df2af8eb42d56 -> 
  custom:audio-encoder-webm-vorbis: bf7c407c2cedff20999df2af8eb42d56 -> 
========================================================================
Received Import Request.
  Time since last request: 159539.323628 seconds.
  path: Assets/_Palettes/Full_1.asset
  artifactKey: Guid(530d8b2a3c02a6644b3b28f1eb4d3a35) Importer(815301076,1909f56bfc062723c751e8b465ee728b)
Start importing Assets/_Palettes/Full_1.asset using Guid(530d8b2a3c02a6644b3b28f1eb4d3a35) Importer(815301076,1909f56bfc062723c751e8b465ee728b)  -> (artifact id: 'd5b785d113350bf943f740042a0e5dc4') in 0.049885 seconds
Number of updated asset objects reloaded before import = 0
Number of asset objects unloaded after import = 3
========================================================================
Received Import Request.
  Time since last request: 0.000019 seconds.
  path: Assets/_Palettes/Full_4.asset
  artifactKey: Guid(f184ee58390cc174fae0b77662efd20a) Importer(815301076,1909f56bfc062723c751e8b465ee728b)
Start importing Assets/_Palettes/Full_4.asset using Guid(f184ee58390cc174fae0b77662efd20a) Importer(815301076,1909f56bfc062723c751e8b465ee728b)  -> (artifact id: '5a7aa8d759d62bfc17c605ca034fea56') in 0.003355 seconds
Number of updated asset objects reloaded before import = 0
Number of asset objects unloaded after import = 3
========================================================================
Received Import Request.
  Time since last request: 0.000017 seconds.
  path: Assets/_Palettes/Full_5.asset
  artifactKey: Guid(7975e741330d43a47af5841943df3b40) Importer(815301076,1909f56bfc062723c751e8b465ee728b)
Start importing Assets/_Palettes/Full_5.asset using Guid(7975e741330d43a47af5841943df3b40) Importer(815301076,1909f56bfc062723c751e8b465ee728b)  -> (artifact id: 'd69fefb39430c68c7ed7b230495c434a') in 0.003422 seconds
Number of updated asset objects reloaded before import = 0
Number of asset objects unloaded after import = 3
========================================================================
Received Import Request.
  Time since last request: 0.000030 seconds.
  path: Assets/_Palettes/Full_7.asset
  artifactKey: Guid(bf5cf90d16afe3e478a227eb05ac1f15) Importer(815301076,1909f56bfc062723c751e8b465ee728b)
Start importing Assets/_Palettes/Full_7.asset using Guid(bf5cf90d16afe3e478a227eb05ac1f15) Importer(815301076,1909f56bfc062723c751e8b465ee728b)  -> (artifact id: 'bf04fe4b37a000d796a1090f68b5b261') in 0.003034 seconds
Number of updated asset objects reloaded before import = 0
Number of asset objects unloaded after import = 3
========================================================================
Received Import Request.
  Time since last request: 0.000009 seconds.
  path: Assets/_Palettes/Full_3.asset
  artifactKey: Guid(e7a0cada58b13af4d81bf07e0de2f0d3) Importer(815301076,1909f56bfc062723c751e8b465ee728b)
Start importing Assets/_Palettes/Full_3.asset using Guid(e7a0cada58b13af4d81bf07e0de2f0d3) Importer(815301076,1909f56bfc062723c751e8b465ee728b)  -> (artifact id: '127ff4f49cbdfb34e826831cfbbb6dd9') in 0.002554 seconds
Number of updated asset objects reloaded before import = 0
Number of asset objects unloaded after import = 3
========================================================================
Received Import Request.
  Time since last request: 0.000010 seconds.
  path: Assets/_Palettes/Full_0.asset
  artifactKey: Guid(2365deac3a3a4284b9f3909b41764e40) Importer(815301076,1909f56bfc062723c751e8b465ee728b)
Start importing Assets/_Palettes/Full_0.asset using Guid(2365deac3a3a4284b9f3909b41764e40) Importer(815301076,1909f56bfc062723c751e8b465ee728b)  -> (artifact id: 'febc284c45707950f05d3ea10ad2b1c3') in 0.002785 seconds
Number of updated asset objects reloaded before import = 0
Number of asset objects unloaded after import = 3
========================================================================
Received Import Request.
  Time since last request: 0.000010 seconds.
  path: Assets/_Palettes/Full.png
  artifactKey: Guid(66237759228346540bb4a8b96d259c6e) Importer(815301076,1909f56bfc062723c751e8b465ee728b)
Start importing Assets/_Palettes/Full.png using Guid(66237759228346540bb4a8b96d259c6e) Importer(815301076,1909f56bfc062723c751e8b465ee728b)  -> (artifact id: 'f45d6847464f4ebe13323524f1cb82d0') in 0.032729 seconds
Number of updated asset objects reloaded before import = 0
Number of asset objects unloaded after import = 12
========================================================================
Received Import Request.
  Time since last request: 0.000009 seconds.
  path: Assets/_Palettes/Full_2.asset
  artifactKey: Guid(336ab3118580ed4408eb2377348d51bf) Importer(815301076,1909f56bfc062723c751e8b465ee728b)
Start importing Assets/_Palettes/Full_2.asset using Guid(336ab3118580ed4408eb2377348d51bf) Importer(815301076,1909f56bfc062723c751e8b465ee728b)  -> (artifact id: '3eebf6f0e22f0e10180e6c9d6046d03a') in 0.002597 seconds
Number of updated asset objects reloaded before import = 0
Number of asset objects unloaded after import = 3
========================================================================
Received Import Request.
  Time since last request: 0.000011 seconds.
  path: Assets/_Palettes/Full_9.asset
  artifactKey: Guid(f035cf522c0090141809a9e529aacc09) Importer(815301076,1909f56bfc062723c751e8b465ee728b)
Start importing Assets/_Palettes/Full_9.asset using Guid(f035cf522c0090141809a9e529aacc09) Importer(815301076,1909f56bfc062723c751e8b465ee728b)  -> (artifact id: '9ba8dd3804be0a80071d851adb0b5e09') in 0.002870 seconds
Number of updated asset objects reloaded before import = 0
Number of asset objects unloaded after import = 3
========================================================================
Received Import Request.
  Time since last request: 0.000016 seconds.
  path: Assets/_Palettes/Full_8.asset
  artifactKey: Guid(2a53a22236dab6a469e184b7f75255c7) Importer(815301076,1909f56bfc062723c751e8b465ee728b)
Start importing Assets/_Palettes/Full_8.asset using Guid(2a53a22236dab6a469e184b7f75255c7) Importer(815301076,1909f56bfc062723c751e8b465ee728b)  -> (artifact id: '4cba5cb267469fb375b6de6f3fbf987a') in 0.002515 seconds
Number of updated asset objects reloaded before import = 0
Number of asset objects unloaded after import = 3
========================================================================
Received Import Request.
  Time since last request: 0.000010 seconds.
  path: Assets/_Palettes/Full_6.asset
  artifactKey: Guid(50f4cb719e2872840b18521244e420e2) Importer(815301076,1909f56bfc062723c751e8b465ee728b)
Start importing Assets/_Palettes/Full_6.asset using Guid(50f4cb719e2872840b18521244e420e2) Importer(815301076,1909f56bfc062723c751e8b465ee728b)  -> (artifact id: '57faa3fcf815c4916023a659a3835183') in 0.002405 seconds
Number of updated asset objects reloaded before import = 0
Number of asset objects unloaded after import = 3
========================================================================
Received Import Request.
  Time since last request: 0.000009 seconds.
  path: Assets/_Palettes/BackGround Palette.prefab
  artifactKey: Guid(b48f240052eed494e8ef47b22d52b2be) Importer(815301076,1909f56bfc062723c751e8b465ee728b)
Start importing Assets/_Palettes/BackGround Palette.prefab using Guid(b48f240052eed494e8ef47b22d52b2be) Importer(815301076,1909f56bfc062723c751e8b465ee728b)  -> (artifact id: 'd3359142bf10d695f53b70c012e5510a') in 0.023860 seconds
Number of updated asset objects reloaded before import = 0
Number of asset objects unloaded after import = 31
========================================================================
Received Prepare
Refreshing native plugins compatible for Editor in 1.86 ms, found 4 plugins.
Preloading 0 native plugins for Editor in 0.00 ms.
Unloading 0 Unused Serialized files (Serialized files now loaded: 0)
Unloading 1 unused Assets / (0.9 KB). Loaded Objects now: 4503.
Memory consumption went from 83.0 MB to 83.0 MB.
Total: 2.417500 ms (FindLiveObjects: 0.190000 ms CreateObjectMapping: 0.100800 ms MarkObjects: 2.111000 ms  DeleteObjects: 0.014800 ms)

Prepare: number of updated asset objects reloaded= 0
AssetImportParameters requested are different than current active one (requested -> active):
  custom:container-demuxer-ogg: 62fdf1f143b41e24485cea50d1cbac27 -> 
  custom:video-decoder-ogg-theora: a1e56fd34408186e4bbccfd4996cb3dc -> 
  custom:framework-win-MediaFoundation: 216162199b28c13a410421893ffa2e32 -> 
  custom:CustomObjectIndexerAttribute: 756ad292c208cfabdd7b50bc23989ffe -> 
  custom:container-demuxer-webm: 4f35f7cbe854078d1ac9338744f61a02 -> 
  custom:container-muxer-webm: aa71ff27fc2769a1b78a27578f13a17b -> 
  custom:video-decoder-webm-vp8: 9c59270c3fd7afecdb556c50c9e8de78 -> 
  custom:SearchIndexIgnoredProperties: e643bd26f0fe6173181afceb89e7c659 -> 
  custom:AudioImporter_EditorPlatform: d09bf68614088b80899f8185d706f6e7 -> 
  custom:video-encoder-webm-vp8: eb34c28f22e8b96e1ab97ce403110664 -> 
  custom:audio-decoder-ogg-vorbis: bf7c407c2cedff20999df2af8eb42d56 -> 
  custom:audio-encoder-webm-vorbis: bf7c407c2cedff20999df2af8eb42d56 -> 
